<?xml version="1.0" encoding="UTF-8" standalone="no"?>
<testsuite errors="0" failures="1" name="io.cucumber.core.plugin.JUnitFormatter" skipped="0" tests="3" time="15.039">
    <testcase classname="Google_Search_Functionality" name="TC01_iphone_search" time="9.21">
        <system-out><![CDATA[Given user is on the google page............................................passed
When user search for iPhone on google.......................................passed
Then verify the result has iPhone related results...........................passed
Then close the application..................................................passed
]]></system-out>
    </testcase>
    <testcase classname="Google_Search_Functionality" name="TC02_teapot_search" time="3.297">
        <failure message="" type="java.lang.AssertionError"><![CDATA[Given user is on the google page............................................passed
When user search for Tea Pot on google......................................passed
Then verify the result has Tea Pot related results..........................failed

StackTrace:
java.lang.AssertionError
	at org.junit.Assert.fail(Assert.java:87)
	at org.junit.Assert.assertTrue(Assert.java:42)
	at org.junit.Assert.assertTrue(Assert.java:53)
	at stepdefinitions.GoogleStepDefs.verify_the_result_has_tea_pot_related_results(GoogleStepDefs.java:40)
	at âœ½.verify the result has Tea Pot related results(file:///C:/Users/hozde/IdeaProjects/mycucumberproject/./src/test/resources/features/firstfeaturefile.feature:32)
]]></failure>
    </testcase>
    <testcase classname="Google_Search_Functionality" name="TC03_flower_search" time="2.405">
        <system-out><![CDATA[Given user is on the google page............................................passed
When user search for flower on google.......................................passed
Then verify the result has flower related results...........................passed
]]></system-out>
    </testcase>
</testsuite>
